[18:50:21] [ServerMain/INFO]: Environment: Environment[sessionHost=https://sessionserver.mojang.com, servicesHost=https://api.minecraftservices.com, name=PROD]
[18:50:24] [ServerMain/INFO]: Loaded 1373 recipes
[18:50:24] [ServerMain/INFO]: Loaded 1484 advancements
[18:50:24] [Server thread/INFO]: Starting minecraft server version 1.21.5
[18:50:24] [Server thread/INFO]: Loading properties
[18:50:24] [Server thread/INFO]: Default game type: SURVIVAL
[18:50:24] [Server thread/INFO]: Generating keypair
[18:50:24] [Server thread/INFO]: Starting Minecraft server on *:25565
[18:50:24] [Server thread/INFO]: Using epoll channel type
[18:50:24] [Server thread/WARN]: **** SERVER IS RUNNING IN OFFLINE/INSECURE MODE!
[18:50:24] [Server thread/WARN]: The server will make no attempt to authenticate usernames. Beware.
[18:50:24] [Server thread/WARN]: While this makes the game possible to play without internet access, it also opens up the ability for hackers to connect with any username they choose.
[18:50:24] [Server thread/WARN]: To change this, set "online-mode" to "true" in the server.properties file.
[18:50:24] [Server thread/INFO]: Preparing level "world"
[18:50:24] [Server thread/INFO]: Preparing start region for dimension minecraft:overworld
[18:50:27] [Worker-Main-3/INFO]: Preparing spawn area: 0%
[18:50:27] [Worker-Main-3/INFO]: Preparing spawn area: 0%
[18:50:27] [Worker-Main-3/INFO]: Preparing spawn area: 0%
[18:50:27] [Worker-Main-3/INFO]: Preparing spawn area: 0%
[18:50:27] [Worker-Main-3/INFO]: Preparing spawn area: 0%
[18:50:27] [Worker-Main-3/INFO]: Preparing spawn area: 0%
[18:50:27] [Worker-Main-3/INFO]: Preparing spawn area: 0%
[18:50:28] [Server thread/INFO]: Time elapsed: 3154 ms
[18:50:28] [Server thread/INFO]: Done (3.526s)! For help, type "help"
[18:50:28] [Server thread/INFO]: Unknown or incomplete command, see below for error
[18:50:28] [Server thread/INFO]: <--[HERE]
[18:50:28] [Server thread/INFO]: Unknown or incomplete command, see below for error
[18:50:28] [Server thread/INFO]: 1<--[HERE]
[18:50:28] [Server thread/INFO]: Unknown or incomplete command, see below for error
[18:50:28] [Server thread/INFO]: helhelp<--[HERE]
[18:51:28] [Server thread/INFO]: Server empty for 60 seconds, pausing
[18:51:41] [Server thread/INFO]: SixAlfrex[/127.74.129.39:52839] logged in with entity id 120 at (-500.1381024880305, 63.0, -28.903425667679514)
[18:51:41] [Server thread/INFO]: SixAlfrex joined the game
[18:51:48] [Server thread/INFO]: SixAlfrex lost connection: Disconnected
[18:51:48] [Server thread/INFO]: SixAlfrex left the game
[18:52:48] [Server thread/INFO]: Server empty for 60 seconds, pausing
erver thread/INFO]: Default game type: SURVIVAL
[18:51:35] [Server thread/INFO]: Generating keypair
[18:51:35] [Server thread/INFO]: Starting Minecraft server on *:25565
[18:51:35] [Server thread/INFO]: Using epoll channel type
[18:51:35] [Server thread/WARN]: **** FAILED TO BIND TO PORT!
[18:51:35] [Server thread/WARN]: The exception was: io.netty.channel.unix.Errors$NativeIoException: bind(..) failed: Address already in use
[18:51:35] [Server thread/WARN]: Perhaps a server is already running on that port?
[18:51:35] [Server thread/ERROR]: Encountered an unexpected exception
java.lang.IllegalStateException: Failed to initialize server
	at net.minecraft.server.MinecraftServer.y(SourceFile:728) ~[server-1.21.5.jar:?]
	at net.minecraft.server.MinecraftServer.a(SourceFile:290) ~[server-1.21.5.jar:?]
	at java.base/java.lang.Thread.run(Thread.java:1583) [?:?]
[18:51:35] [Server thread/ERROR]: This crash report has been saved to: /workspaces/survival/servidor_minecraft/crash-reports/crash-2025-06-15_18.51.35-server.txt
[18:51:35] [Server thread/INFO]: Stopping server
[18:51:35] [Server thread/INFO]: Saving worlds
[18:51:35] [Server thread/ERROR]: Exception stopping the server
java.lang.NullPointerException: Cannot invoke "asb.E_()" because "$$5" is null
	at net.minecraft.server.MinecraftServer.a(SourceFile:568) ~[server-1.21.5.jar:?]
	at net.minecraft.server.MinecraftServer.v(SourceFile:627) ~[server-1.21.5.jar:?]
	at aqr.v(SourceFile:543) ~[server-1.21.5.jar:?]
	at net.minecraft.server.MinecraftServer.y(SourceFile:747) ~[server-1.21.5.jar:?]
	at net.minecraft.server.MinecraftServer.a(SourceFile:290) ~[server-1.21.5.jar:?]
	at java.base/java.lang.Thread.run(Thread.java:1583) [?:?]
